<?xml version="1.0" encoding="UTF-8"?>
<!-- Generated by org.testng.reporters.JUnitReportReporter -->
<testsuite name="qsp.DemoA" tests="1" time="12.188" ignored="0" failures="0" timestamp="04 Feb 2018 10:36:30 GMT" skipped="0" hostname="CBT-LAB-014" errors="0">
  <testcase name="testA" time="12.188" classname="qsp.DemoA"/>
</testsuite> <!-- qsp.DemoA -->
