<?xml version="1.0" encoding="UTF-8"?>
<!-- Generated by org.testng.reporters.JUnitReportReporter -->
<testsuite skipped="0" hostname="CBT-LAB-014" name="qsp.DemoA" tests="1" failures="0" timestamp="03 Feb 2018 10:26:08 GMT" time="6.533" errors="0">
  <testcase name="testA" time="6.533" classname="qsp.DemoA"/>
</testsuite> <!-- qsp.DemoA -->
