<?xml version="1.0" encoding="UTF-8"?>
<!-- Generated by org.testng.reporters.JUnitReportReporter -->
<testsuite skipped="0" hostname="CBT-LAB-014" name="qsp.DemoA" tests="1" failures="0" timestamp="04 Feb 2018 10:51:14 GMT" time="5.483" errors="0">
  <testcase name="testA" time="5.483" classname="qsp.DemoA"/>
</testsuite> <!-- qsp.DemoA -->
